This is pdfTeX, Version 3.14159265-2.6-1.40.16 (TeX Live 2015/Debian) (preloaded format=pdflatex 2016.3.10)  21 DEC 2016 01:11
entering extended mode
 restricted \write18 enabled.
 %&-line parsing enabled.
**mainthesisUVIC.tex
(./mainthesisUVIC.tex
LaTeX2e <2015/01/01>
Babel <3.9l> and hyphenation patterns for 2 languages loaded.
(/usr/share/texlive/texmf-dist/tex/latex/base/book.cls
Document Class: book 2014/09/29 v1.4h Standard LaTeX document class
(/usr/share/texlive/texmf-dist/tex/latex/base/bk12.clo
File: bk12.clo 2014/09/29 v1.4h Standard LaTeX file (size option)
)
\c@part=\count79
\c@chapter=\count80
\c@section=\count81
\c@subsection=\count82
\c@subsubsection=\count83
\c@paragraph=\count84
\c@subparagraph=\count85
\c@figure=\count86
\c@table=\count87
\abovecaptionskip=\skip41
\belowcaptionskip=\skip42
\bibindent=\dimen102
)
\@input{macros/style.aux}
\openout2 = `macros/style.aux'.

(./macros/style.tex
(/usr/share/texlive/texmf-dist/tex/latex/geometry/geometry.sty
Package: geometry 2010/09/12 v5.6 Page Geometry

(/usr/share/texlive/texmf-dist/tex/latex/graphics/keyval.sty
Package: keyval 2014/10/28 v1.15 key=value parser (DPC)
\KV@toks@=\toks14
)
(/usr/share/texlive/texmf-dist/tex/generic/oberdiek/ifpdf.sty
Package: ifpdf 2011/01/30 v2.3 Provides the ifpdf switch (HO)
Package ifpdf Info: pdfTeX in PDF mode is detected.
)
(/usr/share/texlive/texmf-dist/tex/generic/oberdiek/ifvtex.sty
Package: ifvtex 2010/03/01 v1.5 Detect VTeX and its facilities (HO)
Package ifvtex Info: VTeX not detected.
)
(/usr/share/texlive/texmf-dist/tex/generic/ifxetex/ifxetex.sty
Package: ifxetex 2010/09/12 v0.6 Provides ifxetex conditional
)
\Gm@cnth=\count88
\Gm@cntv=\count89
\c@Gm@tempcnt=\count90
\Gm@bindingoffset=\dimen103
\Gm@wd@mp=\dimen104
\Gm@odd@mp=\dimen105
\Gm@even@mp=\dimen106
\Gm@layoutwidth=\dimen107
\Gm@layoutheight=\dimen108
\Gm@layouthoffset=\dimen109
\Gm@layoutvoffset=\dimen110
\Gm@dimlist=\toks15
)
(/usr/share/texlive/texmf-dist/tex/latex/setspace/setspace.sty
Package: setspace 2011/12/19 v6.7a set line spacing
)
(/usr/share/texlive/texmf-dist/tex/latex/fancyhdr/fancyhdr.sty
\fancy@headwidth=\skip43
\f@ncyO@elh=\skip44
\f@ncyO@erh=\skip45
\f@ncyO@olh=\skip46
\f@ncyO@orh=\skip47
\f@ncyO@elf=\skip48
\f@ncyO@erf=\skip49
\f@ncyO@olf=\skip50
\f@ncyO@orf=\skip51
)
(/usr/share/texlive/texmf-dist/tex/latex/tocloft/tocloft.sty
Package: tocloft 2013/05/02 v2.3f parameterised ToC, etc., typesetting
Package tocloft Info: The document has chapter divisions on input line 44.
\cftparskip=\skip52
\cftbeforetoctitleskip=\skip53
\cftaftertoctitleskip=\skip54
\cftbeforepartskip=\skip55
\cftpartnumwidth=\skip56
\cftpartindent=\skip57
\cftbeforechapskip=\skip58
\cftchapindent=\skip59
\cftchapnumwidth=\skip60
\cftbeforesecskip=\skip61
\cftsecindent=\skip62
\cftsecnumwidth=\skip63
\cftbeforesubsecskip=\skip64
\cftsubsecindent=\skip65
\cftsubsecnumwidth=\skip66
\cftbeforesubsubsecskip=\skip67
\cftsubsubsecindent=\skip68
\cftsubsubsecnumwidth=\skip69
\cftbeforeparaskip=\skip70
\cftparaindent=\skip71
\cftparanumwidth=\skip72
\cftbeforesubparaskip=\skip73
\cftsubparaindent=\skip74
\cftsubparanumwidth=\skip75
\cftbeforeloftitleskip=\skip76
\cftafterloftitleskip=\skip77
\cftbeforefigskip=\skip78
\cftfigindent=\skip79
\cftfignumwidth=\skip80
\c@lofdepth=\count91
\c@lotdepth=\count92
\cftbeforelottitleskip=\skip81
\cftafterlottitleskip=\skip82
\cftbeforetabskip=\skip83
\cfttabindent=\skip84
\cfttabnumwidth=\skip85
))
\@input{macros/use_packages.aux}
\openout2 = `macros/use_packages.aux'.

(./macros/use_packages.tex
(/usr/share/texlive/texmf-dist/tex/latex/tools/dcolumn.sty
Package: dcolumn 2014/10/28 v1.06 decimal alignment package (DPC)

(/usr/share/texlive/texmf-dist/tex/latex/tools/array.sty
Package: array 2014/10/28 v2.4c Tabular extension package (FMi)
\col@sep=\dimen111
\extrarowheight=\dimen112
\NC@list=\toks16
\extratabsurround=\skip86
\backup@length=\skip87
))
(/usr/share/texlive/texmf-dist/tex/latex/tools/longtable.sty
Package: longtable 2014/10/28 v4.11 Multi-page Table package (DPC)
\LTleft=\skip88
\LTright=\skip89
\LTpre=\skip90
\LTpost=\skip91
\LTchunksize=\count93
\LTcapwidth=\dimen113
\LT@head=\box26
\LT@firsthead=\box27
\LT@foot=\box28
\LT@lastfoot=\box29
\LT@cols=\count94
\LT@rows=\count95
\c@LT@tables=\count96
\c@LT@chunks=\count97
\LT@p@ftn=\toks17
)
(/usr/share/texlive/texmf-dist/tex/latex/amsmath/amsmath.sty
Package: amsmath 2013/01/14 v2.14 AMS math features
\@mathmargin=\skip92

For additional information on amsmath, use the `?' option.
(/usr/share/texlive/texmf-dist/tex/latex/amsmath/amstext.sty
Package: amstext 2000/06/29 v2.01

(/usr/share/texlive/texmf-dist/tex/latex/amsmath/amsgen.sty
File: amsgen.sty 1999/11/30 v2.0
\@emptytoks=\toks18
\ex@=\dimen114
))
(/usr/share/texlive/texmf-dist/tex/latex/amsmath/amsbsy.sty
Package: amsbsy 1999/11/29 v1.2d
\pmbraise@=\dimen115
)
(/usr/share/texlive/texmf-dist/tex/latex/amsmath/amsopn.sty
Package: amsopn 1999/12/14 v2.01 operator names
)
\inf@bad=\count98
LaTeX Info: Redefining \frac on input line 210.
\uproot@=\count99
\leftroot@=\count100
LaTeX Info: Redefining \overline on input line 306.
\classnum@=\count101
\DOTSCASE@=\count102
LaTeX Info: Redefining \ldots on input line 378.
LaTeX Info: Redefining \dots on input line 381.
LaTeX Info: Redefining \cdots on input line 466.
\Mathstrutbox@=\box30
\strutbox@=\box31
\big@size=\dimen116
LaTeX Font Info:    Redeclaring font encoding OML on input line 566.
LaTeX Font Info:    Redeclaring font encoding OMS on input line 567.
\macc@depth=\count103
\c@MaxMatrixCols=\count104
\dotsspace@=\muskip10
\c@parentequation=\count105
\dspbrk@lvl=\count106
\tag@help=\toks19
\row@=\count107
\column@=\count108
\maxfields@=\count109
\andhelp@=\toks20
\eqnshift@=\dimen117
\alignsep@=\dimen118
\tagshift@=\dimen119
\tagwidth@=\dimen120
\totwidth@=\dimen121
\lineht@=\dimen122
\@envbody=\toks21
\multlinegap=\skip93
\multlinetaggap=\skip94
\mathdisplay@stack=\toks22
LaTeX Info: Redefining \[ on input line 2665.
LaTeX Info: Redefining \] on input line 2666.
)
(/usr/share/texlive/texmf-dist/tex/latex/amscls/amsthm.sty
Package: amsthm 2015/03/04 v2.20.2
\thm@style=\toks23
\thm@bodyfont=\toks24
\thm@headfont=\toks25
\thm@notefont=\toks26
\thm@headpunct=\toks27
\thm@preskip=\skip95
\thm@postskip=\skip96
\thm@headsep=\skip97
\dth@everypar=\toks28
)
(/usr/share/texlive/texmf-dist/tex/latex/amsfonts/amssymb.sty
Package: amssymb 2013/01/14 v3.01 AMS font symbols

(/usr/share/texlive/texmf-dist/tex/latex/amsfonts/amsfonts.sty
Package: amsfonts 2013/01/14 v3.01 Basic AMSFonts support
\symAMSa=\mathgroup4
\symAMSb=\mathgroup5
LaTeX Font Info:    Overwriting math alphabet `\mathfrak' in version `bold'
(Font)                  U/euf/m/n --> U/euf/b/n on input line 106.
))
(/usr/share/texlive/texmf-dist/tex/latex/tools/xspace.sty
Package: xspace 2014/10/28 v1.13 Space after command names (DPC,MH)
)
(/usr/share/texlive/texmf-dist/tex/latex/textcase/textcase.sty
Package: textcase 2004/10/07 v0.07 Text only upper/lower case changing (DPC)
)
(/usr/share/texlive/texmf-dist/tex/latex/wasysym/wasysym.sty
Package: wasysym 2003/10/30 v2.0 Wasy-2 symbol support package
\symwasy=\mathgroup6
LaTeX Font Info:    Overwriting symbol font `wasy' in version `bold'
(Font)                  U/wasy/m/n --> U/wasy/b/n on input line 90.
)
(/usr/share/texlive/texmf-dist/tex/latex/graphics/graphics.sty
Package: graphics 2014/10/28 v1.0p Standard LaTeX Graphics (DPC,SPQR)

(/usr/share/texlive/texmf-dist/tex/latex/graphics/trig.sty
Package: trig 1999/03/16 v1.09 sin cos tan (DPC)
)
(/usr/share/texlive/texmf-dist/tex/latex/latexconfig/graphics.cfg
File: graphics.cfg 2010/04/23 v1.9 graphics configuration of TeX Live
)
Package graphics Info: Driver file: pdftex.def on input line 94.

(/usr/share/texlive/texmf-dist/tex/latex/pdftex-def/pdftex.def
File: pdftex.def 2011/05/27 v0.06d Graphics/color for pdfTeX

(/usr/share/texlive/texmf-dist/tex/generic/oberdiek/infwarerr.sty
Package: infwarerr 2010/04/08 v1.3 Providing info/warning/error messages (HO)
)
(/usr/share/texlive/texmf-dist/tex/generic/oberdiek/ltxcmds.sty
Package: ltxcmds 2011/11/09 v1.22 LaTeX kernel commands for general use (HO)
)
\Gread@gobject=\count110
))
(/usr/share/texlive/texmf-dist/tex/latex/graphics/graphicx.sty
Package: graphicx 2014/10/28 v1.0g Enhanced LaTeX Graphics (DPC,SPQR)
\Gin@req@height=\dimen123
\Gin@req@width=\dimen124
)
(/usr/share/texlive/texmf-dist/tex/latex/csquotes/csquotes.sty
Package: csquotes 2015/07/18 v5.1f context-sensitive quotations (JAW)

(/usr/share/texlive/texmf-dist/tex/latex/etoolbox/etoolbox.sty
Package: etoolbox 2015/08/02 v2.2a e-TeX tools for LaTeX (JAW)
\etb@tempcnta=\count111
)
\csq@reset=\count112
\csq@gtype=\count113
\csq@glevel=\count114
\csq@qlevel=\count115
\csq@maxlvl=\count116
\csq@tshold=\count117
\csq@ltx@everypar=\toks29

(/usr/share/texlive/texmf-dist/tex/latex/csquotes/csquotes.def
File: csquotes.def 2015/07/18 v5.1f csquotes generic definitions (JAW)
)
Package csquotes Info: Trying to load configuration file 'csquotes.cfg'...
Package csquotes Info: ... configuration file loaded successfully.

(/usr/share/texlive/texmf-dist/tex/latex/csquotes/csquotes.cfg
File: csquotes.cfg 
))
(/usr/share/texlive/texmf-dist/tex/latex/float/float.sty
Package: float 2001/11/08 v1.3d Float enhancements (AL)
\c@float@type=\count118
\float@exts=\toks30
\float@box=\box32
\@float@everytoks=\toks31
\@floatcapt=\box33
)
(/usr/share/texlive/texmf-dist/tex/latex/algorithm2e/algorithm2e.sty
Package: algorithm2e 2013/01/06 v5.00 algorithms environments
\c@AlgoLine=\count119

(/usr/share/texlive/texmf-dist/tex/latex/base/ifthen.sty
Package: ifthen 2014/09/29 v1.1c Standard LaTeX ifthen package (DPC)
)
(/usr/share/texlive/texmf-dist/tex/latex/relsize/relsize.sty
Package: relsize 2013/03/29 ver 4.1
)
********************************************************
Package `algorithm2e' Release 5.0 -- january 06 2013 --
- algorithm2e-announce@lirmm.fr mailing list for announcement about releases
- algorithm2e-discussion@lirmm.fr mailing list for discussion about package
subscribe by emailing sympa@lirmm.fr with 'subscribe <list> <firstname name>'
- Author: Christophe Fiorio (cfiorio@um2.fr)
********************************************************
\skiptotal=\skip98
\skiplinenumber=\skip99
\skiprule=\skip100
\skiphlne=\skip101
\skiptext=\skip102
\skiplength=\skip103
\algomargin=\skip104
\skipalgocfslide=\skip105
\algowidth=\dimen125
\inoutsize=\dimen126
\inoutindent=\dimen127
\interspacetitleruled=\dimen128
\interspacealgoruled=\dimen129
\interspacetitleboxruled=\dimen130
\algocf@inoutbox=\box34
\algocf@inputbox=\box35
\AlCapSkip=\skip106
\AlCapHSkip=\skip107
\algoskipindent=\skip108
\algocf@nlbox=\box36
\algocf@hangingbox=\box37
\algocf@untilbox=\box38
\algocf@skipuntil=\skip109
\algocf@capbox=\box39
\algoheightruledefault=\skip110
\algoheightrule=\skip111
\algotitleheightruledefault=\skip112
\algotitleheightrule=\skip113
\c@algocfline=\count120
\c@algocfproc=\count121
\c@algocf=\count122
\algocf@algoframe=\box40
\algocf@algobox=\box41
)) (/usr/share/texlive/texmf-dist/tex/latex/cite/cite.sty
LaTeX Info: Redefining \cite on input line 302.
LaTeX Info: Redefining \nocite on input line 332.
Package: cite 2015/02/27  v 5.5
)
Package csquotes Info: Checking for multilingual support...
Package csquotes Info: ... none found.

(./mainthesisUVIC.aux (./chapters/1/chapter_intro.aux)
(./chapters/2/chapter_problem.aux) (./chapters/3/chapter_new.aux)
(./chapters/4/chapter_experiments.aux) (./chapters/5/chapter_evaluation.aux)
(./chapters/6/chapter_evaluation.aux) (./chapters/7/chapter_conclusion.aux))
\openout1 = `mainthesisUVIC.aux'.

LaTeX Font Info:    Checking defaults for OML/cmm/m/it on input line 5.
LaTeX Font Info:    ... okay on input line 5.
LaTeX Font Info:    Checking defaults for T1/cmr/m/n on input line 5.
LaTeX Font Info:    ... okay on input line 5.
LaTeX Font Info:    Checking defaults for OT1/cmr/m/n on input line 5.
LaTeX Font Info:    ... okay on input line 5.
LaTeX Font Info:    Checking defaults for OMS/cmsy/m/n on input line 5.
LaTeX Font Info:    ... okay on input line 5.
LaTeX Font Info:    Checking defaults for OMX/cmex/m/n on input line 5.
LaTeX Font Info:    ... okay on input line 5.
LaTeX Font Info:    Checking defaults for U/cmr/m/n on input line 5.
LaTeX Font Info:    ... okay on input line 5.

*geometry* driver: auto-detecting
*geometry* detected driver: pdftex
*geometry* verbose mode - [ preamble ] result:
* driver: pdftex
* paper: <default>
* layout: <same size as paper>
* layoutoffset:(h,v)=(0.0pt,0.0pt)
* modes: 
* h-part:(L,W,R)=(108.405pt, 433.62001pt, 72.26999pt)
* v-part:(T,H,B)=(72.26999pt, 650.43001pt, 72.26999pt)
* \paperwidth=614.295pt
* \paperheight=794.96999pt
* \textwidth=433.62001pt
* \textheight=650.43001pt
* \oddsidemargin=36.13501pt
* \evensidemargin=36.13501pt
* \topmargin=-48.135pt
* \headheight=12.0pt
* \headsep=36.135pt
* \topskip=12.0pt
* \footskip=30.0pt
* \marginparwidth=47.0pt
* \marginparsep=7.0pt
* \columnsep=10.0pt
* \skip\footins=10.8pt plus 4.0pt minus 2.0pt
* \hoffset=0.0pt
* \voffset=0.0pt
* \mag=1000
* \@twocolumnfalse
* \@twosidefalse
* \@mparswitchfalse
* \@reversemarginfalse
* (1in=72.27pt=25.4mm, 1cm=28.453pt)

(/usr/share/texlive/texmf-dist/tex/context/base/supp-pdf.mkii
[Loading MPS to PDF converter (version 2006.09.02).]
\scratchcounter=\count123
\scratchdimen=\dimen131
\scratchbox=\box42
\nofMPsegments=\count124
\nofMParguments=\count125
\everyMPshowfont=\toks32
\MPscratchCnt=\count126
\MPscratchDim=\dimen132
\MPnumerator=\count127
\makeMPintoPDFobject=\count128
\everyMPtoPDFconversion=\toks33
) (/usr/share/texlive/texmf-dist/tex/generic/oberdiek/pdftexcmds.sty
Package: pdftexcmds 2011/11/29 v0.20 Utility functions of pdfTeX for LuaTeX (HO
)

(/usr/share/texlive/texmf-dist/tex/generic/oberdiek/ifluatex.sty
Package: ifluatex 2010/03/01 v1.3 Provides the ifluatex switch (HO)
Package ifluatex Info: LuaTeX not detected.
)
Package pdftexcmds Info: LuaTeX not detected.
Package pdftexcmds Info: \pdf@primitive is available.
Package pdftexcmds Info: \pdf@ifprimitive is available.
Package pdftexcmds Info: \pdfdraftmode found.
)
(/usr/share/texlive/texmf-dist/tex/latex/oberdiek/epstopdf-base.sty
Package: epstopdf-base 2010/02/09 v2.5 Base part for package epstopdf

(/usr/share/texlive/texmf-dist/tex/latex/oberdiek/grfext.sty
Package: grfext 2010/08/19 v1.1 Manage graphics extensions (HO)

(/usr/share/texlive/texmf-dist/tex/generic/oberdiek/kvdefinekeys.sty
Package: kvdefinekeys 2011/04/07 v1.3 Define keys (HO)
))
(/usr/share/texlive/texmf-dist/tex/latex/oberdiek/kvoptions.sty
Package: kvoptions 2011/06/30 v3.11 Key value format for package options (HO)

(/usr/share/texlive/texmf-dist/tex/generic/oberdiek/kvsetkeys.sty
Package: kvsetkeys 2012/04/25 v1.16 Key value parser (HO)

(/usr/share/texlive/texmf-dist/tex/generic/oberdiek/etexcmds.sty
Package: etexcmds 2011/02/16 v1.5 Avoid name clashes with e-TeX commands (HO)
Package etexcmds Info: Could not find \expanded.
(etexcmds)             That can mean that you are not using pdfTeX 1.50 or
(etexcmds)             that some package has redefined \expanded.
(etexcmds)             In the latter case, load this package earlier.
)))
Package grfext Info: Graphics extension search list:
(grfext)             [.png,.pdf,.jpg,.mps,.jpeg,.jbig2,.jb2,.PNG,.PDF,.JPG,.JPE
G,.JBIG2,.JB2,.eps]
(grfext)             \AppendGraphicsExtensions on input line 452.

(/usr/share/texlive/texmf-dist/tex/latex/latexconfig/epstopdf-sys.cfg
File: epstopdf-sys.cfg 2010/07/13 v1.3 Configuration of (r)epstopdf for TeX Liv
e
))
(./frontmatter/fm.tex (./frontmatter/tp.tex
LaTeX Font Info:    Try loading font information for U+msa on input line 18.

(/usr/share/texlive/texmf-dist/tex/latex/amsfonts/umsa.fd
File: umsa.fd 2013/01/14 v3.01 AMS symbols A
)
LaTeX Font Info:    Try loading font information for U+msb on input line 18.

(/usr/share/texlive/texmf-dist/tex/latex/amsfonts/umsb.fd
File: umsb.fd 2013/01/14 v3.01 AMS symbols B
)
LaTeX Font Info:    Try loading font information for U+wasy on input line 18.

(/usr/share/texlive/texmf-dist/tex/latex/wasysym/uwasy.fd
File: uwasy.fd 2003/10/30 v2.0 Wasy-2 symbol font definitions
)
LaTeX Font Info:    Try loading font information for OMS+cmr on input line 19.

(/usr/share/texlive/texmf-dist/tex/latex/base/omscmr.fd
File: omscmr.fd 2014/09/29 v2.5h Standard LaTeX font definitions
)
LaTeX Font Info:    Font shape `OMS/cmr/m/n' in size <12> not available
(Font)              Font shape `OMS/cmsy/m/n' tried instead on input line 19.
) (./frontmatter/sc.tex [1





{/var/lib/texmf/fonts/map/pdftex/updmap/pdftex.map}]
Underfull \hbox (badness 10000) in paragraph at lines 16--19

 []

) [2] (./frontmatter/abs.tex) [3] (./mainthesisUVIC.toc

Package Fancyhdr Warning: \headheight is too small (12.0pt): 
 Make it at least 14.49998pt.
 We now make it that large for the rest of the document.
 This may cause the page layout to be inconsistent, however.

[4]
Overfull \hbox (2.09216pt too wide) in paragraph at lines 18--18
 [][] []\OT1/cmr/m/n/12 Socio-Cultural Evo-lu-tion via Neighborhood-Restructuri
ng in In- 
 []

[5] [6])
\tf@toc=\write3
\openout3 = `mainthesisUVIC.toc'.

 [7] (./mainthesisUVIC.lot [8])
\tf@lot=\write4
\openout4 = `mainthesisUVIC.lot'.

 [9] (./mainthesisUVIC.lof

LaTeX Warning: Citation `kobti2013heterogeneous' on page x undefined on input l
ine 3.


LaTeX Warning: Citation `kobti2013heterogeneous' on page x undefined on input l
ine 4.


LaTeX Warning: Citation `kobti2013heterogeneous' on page x undefined on input l
ine 5.


LaTeX Warning: Citation `kobti2013heterogeneous' on page x undefined on input l
ine 6.


LaTeX Warning: Citation `gg' on page x undefined on input line 8.


LaTeX Warning: Citation `gg' on page x undefined on input line 9.


LaTeX Warning: Citation `gg' on page x undefined on input line 10.


LaTeX Warning: Citation `gg' on page x undefined on input line 11.

[10])
\tf@lof=\write5
\openout5 = `mainthesisUVIC.lof'.

 (./frontmatter/ack.tex [11]) (./frontmatter/ded.tex [12]) [13])
\openout2 = `chapters/1/chapter_intro.aux'.


(./chapters/1/chapter_intro.tex
Chapter 1.
(./chapters/1/sec_intro.tex [1


]
Underfull \hbox (badness 10000) in paragraph at lines 17--19

 []

[2])) [3] [4]
\openout2 = `chapters/2/chapter_problem.aux'.

 (./chapters/2/chapter_problem.tex
Chapter 2.
\savedunitlength=\skip114
<Figures/HMPCA.jpeg, id=60, 2423.0525pt x 989.6975pt>
File: Figures/HMPCA.jpeg Graphic file (type jpg)
 <use Figures/HMPCA.jpeg>
Package pdftex.def Info: Figures/HMPCA.jpeg used on input line 12.
(pdftex.def)             Requested size: 436.13065pt x 178.13786pt.

Overfull \hbox (2.51064pt too wide) in paragraph at lines 12--14
 [][] 
 []


LaTeX Warning: Citation `kobti2013heterogeneous' on page 5 undefined on input l
ine 14.

[5



] <Figures/SFAPP.png, id=64, 335.2525pt x 230.8625pt>
File: Figures/SFAPP.png Graphic file (type png)

<use Figures/SFAPP.png>
Package pdftex.def Info: Figures/SFAPP.png used on input line 22.
(pdftex.def)             Requested size: 301.72446pt x 207.7743pt.


LaTeX Warning: Citation `kobti2013heterogeneous' on page 6 undefined on input l
ine 24.

[6 <./Figures/HMPCA.jpeg>] [7 <./Figures/SFAPP.png>]
Overfull \hbox (0.20197pt too wide) in paragraph at lines 30--33
\OT1/cmr/m/n/12 The au-thors of [] aimed at com-mer-cial-iz-ing Cul-tural Al-go
-rithm Toolkit (CAT) thourgh
 []

[8] [9]
Overfull \hbox (22.45273pt too wide) in paragraph at lines 39--39
[]\OT1/cmr/bx/n/14.4 Socio-Cultural Evo-lu-tion via Neighborhood-Restructuring
 []

[10] <Figures/MultiLayer.jpeg, id=83, 773.89125pt x 457.71pt>
File: Figures/MultiLayer.jpeg Graphic file (type jpg)

<use Figures/MultiLayer.jpeg>
Package pdftex.def Info: Figures/MultiLayer.jpeg used on input line 46.
(pdftex.def)             Requested size: 270.866pt x 160.2009pt.


LaTeX Warning: Citation `kobti2013heterogeneous' on page 11 undefined on input 
line 48.

[11 <./Figures/MultiLayer.jpeg>]
<Figures/TwoLayerSF.jpeg, id=87, 991.705pt x 715.67375pt>
File: Figures/TwoLayerSF.jpeg Graphic file (type jpg)

<use Figures/TwoLayerSF.jpeg>
Package pdftex.def Info: Figures/TwoLayerSF.jpeg used on input line 63.
(pdftex.def)             Requested size: 247.92564pt x 178.918pt.


LaTeX Warning: Citation `kobti2013heterogeneous' on page 12 undefined on input 
line 65.

[12] [13] [14 <./Figures/TwoLayerSF.jpeg>] [15] [16] [17]) [18]
\openout2 = `chapters/3/chapter_new.aux'.


(./chapters/3/chapter_new.tex
Chapter 3.
(./chapters/3/sec_latexhelp.tex [19



] [20] [21]
<Figures/StandardCA.jpeg, id=123, 2929.94624pt x 1916.15875pt>
File: Figures/StandardCA.jpeg Graphic file (type jpg)

<use Figures/StandardCA.jpeg>
Package pdftex.def Info: Figures/StandardCA.jpeg used on input line 39.
(pdftex.def)             Requested size: 263.68379pt x 172.44684pt.


LaTeX Warning: Citation `gg' on page 22 undefined on input line 41.


LaTeX Warning: `h' float specifier changed to `ht'.

Missing character: There is no ‚ in font cmr12!
Missing character: There is no Ä in font cmr12!
Missing character: There is no ô in font cmr12!
[22] [23 <./Figures/StandardCA.jpeg>]
<Figures/StandardNR.jpeg, id=130, 610.28pt x 393.47pt>
File: Figures/StandardNR.jpeg Graphic file (type jpg)

<use Figures/StandardNR.jpeg>
Package pdftex.def Info: Figures/StandardNR.jpeg used on input line 50.
(pdftex.def)             Requested size: 244.10767pt x 157.38521pt.


LaTeX Warning: Citation `gg' on page 24 undefined on input line 52.


LaTeX Warning: Citation `che2010robust' on page 24 undefined on input line 55.


LaTeX Warning: Citation `ali2012socio' on page 24 undefined on input line 55.


LaTeX Warning: Citation `ali2016leveraged' on page 24 undefined on input line 5
5.


LaTeX Warning: Citation `sterling2004aggregation' on page 24 undefined on input
 line 55.

[24 <./Figures/StandardNR.jpeg>]
Missing character: There is no ‹ in font cmr12!
Missing character: There is no µ in font cmr12!

<Figures/SFNetworkModel.jpeg, id=135, 583.17876pt x 613.29124pt>
File: Figures/SFNetworkModel.jpeg Graphic file (type jpg)

<use Figures/SFNetworkModel.jpeg>
Package pdftex.def Info: Figures/SFNetworkModel.jpeg used on input line 70.
(pdftex.def)             Requested size: 233.26736pt x 245.31215pt.


LaTeX Warning: Citation `gg' on page 25 undefined on input line 72.


LaTeX Warning: `h' float specifier changed to `ht'.


LaTeX Warning: Citation `bratton2007defining' on page 25 undefined on input lin
e 78.

[25] <Figures/PSOModel.jpeg, id=141, 786.94pt x 290.08376pt>
File: Figures/PSOModel.jpeg Graphic file (type jpg)

<use Figures/PSOModel.jpeg>
Package pdftex.def Info: Figures/PSOModel.jpeg used on input line 87.
(pdftex.def)             Requested size: 314.77042pt x 116.03143pt.


LaTeX Warning: Citation `gg' on page 26 undefined on input line 89.


LaTeX Warning: `h' float specifier changed to `ht'.


LaTeX Warning: Citation `chen2006tribe' on page 26 undefined on input line 93.

<Figures/TribePSO.png, id=142, 280.04625pt x 238.8925pt>
File: Figures/TribePSO.png Graphic file (type png)

<use Figures/TribePSO.png>
Package pdftex.def Info: Figures/TribePSO.png used on input line 95.
(pdftex.def)             Requested size: 168.02904pt x 143.3366pt.
 [26 <./Figures/SFNetworkModel.jpeg>]

LaTeX Warning: `h' float specifier changed to `ht'.

[27 <./Figures/PSOModel.jpeg>])) [28 <./Figures/TribePSO.png>]
\openout2 = `chapters/4/chapter_experiments.aux'.


(./chapters/4/chapter_experiments.tex
Chapter 4.

LaTeX Warning: Citation `wolpert1997no' on page 29 undefined on input line 3.

[29



]
Missing character: There is no ‚ in font cmr12!
Missing character: There is no Ä in font cmr12!
Missing character: There is no ô in font cmr12!
Missing character: There is no ‚ in font cmr12!
Missing character: There is no Ä in font cmr12!
Missing character: There is no ô in font cmr12!
Missing character: There is no ‚ in font cmr12!
Missing character: There is no Ä in font cmr12!
Missing character: There is no ú in font cmr12!
Missing character: There is no ‚ in font cmr12!
Missing character: There is no Ä in font cmr12!
Missing character: There is no ù in font cmr12!
 [30]

LaTeX Warning: Citation `ali2016leveraged' on page 31 undefined on input line 2
3.


LaTeX Warning: Reference `ref:RNR' on page 31 undefined on input line 23.


LaTeX Warning: Citation `de2009heterogeneous' on page 31 undefined on input lin
e 23.


Overfull \hbox (0.80542pt too wide) in paragraph at lines 23--45
\OT1/cmr/m/n/12 gbest$\OMS/cmsy/m/n/12 !$\OT1/cmr/m/n/12 tree$\OMS/cmsy/m/n/12 
!$\OT1/cmr/m/n/12 mesh$\OMS/cmsy/m/n/12 !$\OT1/cmr/m/n/12 lbest and Up-grad-ing
 oc-curs in the di-rec-tion of lbest$\OMS/cmsy/m/n/12 !$\OT1/cmr/m/n/12 mesh$\O
MS/cmsy/m/n/12 !$\OT1/cmr/m/n/12 tree
 []


Overfull \hbox (8.59772pt too wide) in paragraph at lines 45--45
[]\OT1/cmr/bx/n/17.28 Confidence based Nor-ma-tive Knowl-edge Source 
 []

[31] [32]

LaTeX Warning: Citation `proakis1985probability' on page 33 undefined on input 
line 54.

) [33]
\openout2 = `chapters/5/chapter_evaluation.aux'.

 (./chapters/5/chapter_evaluation.tex
Chapter 5.
[34



] [35] [36] [37] [38] [39] [40] [41]) [42]
\openout2 = `chapters/6/chapter_evaluation.aux'.


(./chapters/6/chapter_evaluation.tex
Chapter 6.
<Figures/func1_10.jpeg, id=203, 626.34pt x 432.11438pt>
File: Figures/func1_10.jpeg Graphic file (type jpg)

<use Figures/func1_10.jpeg>
Package pdftex.def Info: Figures/func1_10.jpeg used on input line 22.
(pdftex.def)             Requested size: 313.16922pt x 216.05666pt.
 [43



]
<Figures/func1_30.jpeg, id=207, 626.34pt x 432.11438pt>
File: Figures/func1_30.jpeg Graphic file (type jpg)

<use Figures/func1_30.jpeg>
Package pdftex.def Info: Figures/func1_30.jpeg used on input line 40.
(pdftex.def)             Requested size: 313.16922pt x 216.05666pt.
 [44 <./Figures/func1_10.jpeg>]
<Figures/func2_10.jpeg, id=211, 626.34pt x 432.11438pt>
File: Figures/func2_10.jpeg Graphic file (type jpg)

<use Figures/func2_10.jpeg>
Package pdftex.def Info: Figures/func2_10.jpeg used on input line 63.
(pdftex.def)             Requested size: 313.16922pt x 216.05666pt.

<Figures/func2_30.jpeg, id=212, 626.34pt x 432.11438pt>
File: Figures/func2_30.jpeg Graphic file (type jpg)

<use Figures/func2_30.jpeg>
Package pdftex.def Info: Figures/func2_30.jpeg used on input line 81.
(pdftex.def)             Requested size: 313.16922pt x 216.05666pt.


LaTeX Warning: `h' float specifier changed to `ht'.


LaTeX Warning: `h' float specifier changed to `ht'.

[45 <./Figures/func1_30.jpeg>] [46 <./Figures/func2_10.jpeg> <./Figures/func2_3
0.jpeg>] <Figures/func3_10.jpeg, id=219, 626.34pt x 432.11438pt>
File: Figures/func3_10.jpeg Graphic file (type jpg)

<use Figures/func3_10.jpeg>
Package pdftex.def Info: Figures/func3_10.jpeg used on input line 103.
(pdftex.def)             Requested size: 313.16922pt x 216.05666pt.

<Figures/func3_30.jpeg, id=220, 626.34pt x 432.11438pt>
File: Figures/func3_30.jpeg Graphic file (type jpg)

<use Figures/func3_30.jpeg>
Package pdftex.def Info: Figures/func3_30.jpeg used on input line 122.
(pdftex.def)             Requested size: 313.16922pt x 216.05666pt.
 [47 <./Figures/func3_10.jpeg>]
<Figures/func4_10.jpeg, id=224, 626.34pt x 432.11438pt>
File: Figures/func4_10.jpeg Graphic file (type jpg)

<use Figures/func4_10.jpeg>
Package pdftex.def Info: Figures/func4_10.jpeg used on input line 144.
(pdftex.def)             Requested size: 313.16922pt x 216.05666pt.


LaTeX Warning: `h' float specifier changed to `ht'.

<Figures/func4_30.jpeg, id=225, 626.34pt x 432.11438pt>
File: Figures/func4_30.jpeg Graphic file (type jpg)

<use Figures/func4_30.jpeg>
Package pdftex.def Info: Figures/func4_30.jpeg used on input line 164.
(pdftex.def)             Requested size: 313.16922pt x 216.05666pt.
 [48 <./Figures/func3_30.jpeg>]

LaTeX Warning: `h' float specifier changed to `ht'.

<Figures/func5_10.jpeg, id=230, 626.34pt x 432.11438pt>
File: Figures/func5_10.jpeg Graphic file (type jpg)

<use Figures/func5_10.jpeg>
Package pdftex.def Info: Figures/func5_10.jpeg used on input line 186.
(pdftex.def)             Requested size: 313.16922pt x 216.05666pt.


LaTeX Warning: `h' float specifier changed to `ht'.


LaTeX Warning: `h' float specifier changed to `ht'.

<Figures/func5_30.jpeg, id=231, 626.34pt x 432.11438pt>
File: Figures/func5_30.jpeg Graphic file (type jpg)

<use Figures/func5_30.jpeg>
Package pdftex.def Info: Figures/func5_30.jpeg used on input line 205.
(pdftex.def)             Requested size: 313.16922pt x 216.05666pt.
 [49 <./Figures/func4_10.jpeg> <./Figures/func4_30.jpeg>] [50 <./Figures/func5_
10.jpeg> <./Figures/func5_30.jpeg>]
<Figures/func6_10.jpeg, id=238, 626.34pt x 432.11438pt>
File: Figures/func6_10.jpeg Graphic file (type jpg)

<use Figures/func6_10.jpeg>
Package pdftex.def Info: Figures/func6_10.jpeg used on input line 229.
(pdftex.def)             Requested size: 313.16922pt x 216.05666pt.


LaTeX Warning: `h' float specifier changed to `ht'.

<Figures/func6_30.jpeg, id=239, 626.34pt x 432.11438pt>
File: Figures/func6_30.jpeg Graphic file (type jpg)

<use Figures/func6_30.jpeg>
Package pdftex.def Info: Figures/func6_30.jpeg used on input line 248.
(pdftex.def)             Requested size: 313.16922pt x 216.05666pt.
 [51 <./Figures/func6_10.jpeg>] [52 <./Figures/func6_30.jpeg>] <Figures/func7_1
0.jpeg, id=246, 626.34pt x 432.11438pt>
File: Figures/func7_10.jpeg Graphic file (type jpg)

<use Figures/func7_10.jpeg>
Package pdftex.def Info: Figures/func7_10.jpeg used on input line 272.
(pdftex.def)             Requested size: 313.16922pt x 216.05666pt.

<Figures/func7_30.jpeg, id=247, 626.34pt x 432.11438pt>
File: Figures/func7_30.jpeg Graphic file (type jpg)

<use Figures/func7_30.jpeg>
Package pdftex.def Info: Figures/func7_30.jpeg used on input line 291.
(pdftex.def)             Requested size: 313.16922pt x 216.05666pt.
 [53 <./Figures/func7_10.jpeg>]
Overfull \hbox (12.94173pt too wide) in paragraph at lines 297--297
[]\OT1/cmr/bx/n/17.28 Function 8: Griewank's plus Rosen-brock's Func-
 []

<Figures/func8_10.jpeg, id=251, 626.34pt x 432.11438pt>
File: Figures/func8_10.jpeg Graphic file (type jpg)

<use Figures/func8_10.jpeg>
Package pdftex.def Info: Figures/func8_10.jpeg used on input line 313.
(pdftex.def)             Requested size: 313.16922pt x 216.05666pt.


LaTeX Warning: `h' float specifier changed to `ht'.


LaTeX Warning: `h' float specifier changed to `ht'.

<Figures/func8_30.jpeg, id=252, 626.34pt x 432.11438pt>
File: Figures/func8_30.jpeg Graphic file (type jpg)

<use Figures/func8_30.jpeg>
Package pdftex.def Info: Figures/func8_30.jpeg used on input line 332.
(pdftex.def)             Requested size: 313.16922pt x 216.05666pt.
 [54 <./Figures/func7_30.jpeg>] [55 <./Figures/func8_10.jpeg> <./Figures/func8_
30.jpeg>]
<Figures/func9_10.jpeg, id=260, 626.34pt x 432.11438pt>
File: Figures/func9_10.jpeg Graphic file (type jpg)

<use Figures/func9_10.jpeg>
Package pdftex.def Info: Figures/func9_10.jpeg used on input line 354.
(pdftex.def)             Requested size: 313.16922pt x 216.05666pt.

<Figures/func9_30.jpeg, id=261, 626.34pt x 432.11438pt>
File: Figures/func9_30.jpeg Graphic file (type jpg)

<use Figures/func9_30.jpeg>
Package pdftex.def Info: Figures/func9_30.jpeg used on input line 373.
(pdftex.def)             Requested size: 313.16922pt x 216.05666pt.
 [56 <./Figures/func9_10.jpeg>]
<Figures/func10_10.jpeg, id=265, 626.34pt x 432.11438pt>
File: Figures/func10_10.jpeg Graphic file (type jpg)

<use Figures/func10_10.jpeg>
Package pdftex.def Info: Figures/func10_10.jpeg used on input line 395.
(pdftex.def)             Requested size: 313.16922pt x 216.05666pt.


LaTeX Warning: `h' float specifier changed to `ht'.


LaTeX Warning: `h' float specifier changed to `ht'.

<Figures/func10_30.jpeg, id=266, 626.34pt x 432.11438pt>
File: Figures/func10_30.jpeg Graphic file (type jpg)

<use Figures/func10_30.jpeg>
Package pdftex.def Info: Figures/func10_30.jpeg used on input line 414.
(pdftex.def)             Requested size: 313.16922pt x 216.05666pt.
 [57 <./Figures/func9_30.jpeg>] [58 <./Figures/func10_10.jpeg> <./Figures/func1
0_30.jpeg>]
<Figures/func11_10.jpeg, id=273, 626.34pt x 432.11438pt>
File: Figures/func11_10.jpeg Graphic file (type jpg)

<use Figures/func11_10.jpeg>
Package pdftex.def Info: Figures/func11_10.jpeg used on input line 436.
(pdftex.def)             Requested size: 313.16922pt x 216.05666pt.

<Figures/func11_30.jpeg, id=274, 626.34pt x 432.11438pt>
File: Figures/func11_30.jpeg Graphic file (type jpg)

<use Figures/func11_30.jpeg>
Package pdftex.def Info: Figures/func11_30.jpeg used on input line 455.
(pdftex.def)             Requested size: 313.16922pt x 216.05666pt.
 [59 <./Figures/func11_10.jpeg>]
<Figures/func12_10.jpeg, id=278, 626.34pt x 432.11438pt>
File: Figures/func12_10.jpeg Graphic file (type jpg)

<use Figures/func12_10.jpeg>
Package pdftex.def Info: Figures/func12_10.jpeg used on input line 477.
(pdftex.def)             Requested size: 313.16922pt x 216.05666pt.


LaTeX Warning: `h' float specifier changed to `ht'.


LaTeX Warning: `h' float specifier changed to `ht'.

<Figures/func12_30.jpeg, id=279, 626.34pt x 432.11438pt>
File: Figures/func12_30.jpeg Graphic file (type jpg)

<use Figures/func12_30.jpeg>
Package pdftex.def Info: Figures/func12_30.jpeg used on input line 496.
(pdftex.def)             Requested size: 313.16922pt x 216.05666pt.
 [60 <./Figures/func11_30.jpeg>] [61 <./Figures/func12_10.jpeg> <./Figures/func
12_30.jpeg>]
<Figures/func13_10.jpeg, id=287, 626.34pt x 432.11438pt>
File: Figures/func13_10.jpeg Graphic file (type jpg)

<use Figures/func13_10.jpeg>
Package pdftex.def Info: Figures/func13_10.jpeg used on input line 518.
(pdftex.def)             Requested size: 313.16922pt x 216.05666pt.


LaTeX Warning: `h' float specifier changed to `ht'.

<Figures/func13_30.jpeg, id=288, 626.34pt x 432.11438pt>
File: Figures/func13_30.jpeg Graphic file (type jpg)

<use Figures/func13_30.jpeg>
Package pdftex.def Info: Figures/func13_30.jpeg used on input line 537.
(pdftex.def)             Requested size: 313.16922pt x 216.05666pt.
 [62 <./Figures/func13_10.jpeg>]
<Figures/func14_10.jpeg, id=292, 626.34pt x 432.11438pt>
File: Figures/func14_10.jpeg Graphic file (type jpg)

<use Figures/func14_10.jpeg>
Package pdftex.def Info: Figures/func14_10.jpeg used on input line 559.
(pdftex.def)             Requested size: 313.16922pt x 216.05666pt.


LaTeX Warning: `h' float specifier changed to `ht'.


LaTeX Warning: `h' float specifier changed to `ht'.

<Figures/func14_30.jpeg, id=293, 626.34pt x 432.11438pt>
File: Figures/func14_30.jpeg Graphic file (type jpg)

<use Figures/func14_30.jpeg>
Package pdftex.def Info: Figures/func14_30.jpeg used on input line 578.
(pdftex.def)             Requested size: 313.16922pt x 216.05666pt.
 [63 <./Figures/func13_30.jpeg>] [64 <./Figures/func14_10.jpeg> <./Figures/func
14_30.jpeg>]
<Figures/func15_10.jpeg, id=300, 626.34pt x 432.11438pt>
File: Figures/func15_10.jpeg Graphic file (type jpg)

<use Figures/func15_10.jpeg>
Package pdftex.def Info: Figures/func15_10.jpeg used on input line 600.
(pdftex.def)             Requested size: 313.16922pt x 216.05666pt.

<Figures/func15_30.jpeg, id=301, 626.34pt x 432.11438pt>
File: Figures/func15_30.jpeg Graphic file (type jpg)

<use Figures/func15_30.jpeg>
Package pdftex.def Info: Figures/func15_30.jpeg used on input line 619.
(pdftex.def)             Requested size: 313.16922pt x 216.05666pt.
 [65 <./Figures/func15_10.jpeg>]) [66 <./Figures/func15_30.jpeg>] [67]
\openout2 = `chapters/7/chapter_conclusion.aux'.

 (./chapters/7/chapter_conclusion.tex
Chapter 7.

Underfull \hbox (badness 10000) in paragraph at lines 4--5

 []


LaTeX Warning: Citation `ali2016leveraged' on page 68 undefined on input line 7
.

[68



]) [69] (./mainthesisUVIC.bbl) [70


] (./mainthesisUVIC.aux
(./chapters/1/chapter_intro.aux) (./chapters/2/chapter_problem.aux)
(./chapters/3/chapter_new.aux) (./chapters/4/chapter_experiments.aux)
(./chapters/5/chapter_evaluation.aux) (./chapters/6/chapter_evaluation.aux)
(./chapters/7/chapter_conclusion.aux))

LaTeX Warning: There were undefined references.

 ) 
Here is how much of TeX's memory you used:
 6522 strings out of 495000
 91388 string characters out of 6181169
 192642 words of memory out of 5000000
 9503 multiletter control sequences out of 15000+600000
 12722 words of font info for 47 fonts, out of 8000000 for 9000
 14 hyphenation exceptions out of 8191
 38i,20n,45p,1812b,390s stack positions out of 5000i,500n,10000p,200000b,80000s
</usr/share/texlive/texmf-dist/fonts/type1/public/amsfonts/cm/cmbx12.pfb></us
r/share/texlive/texmf-dist/fonts/type1/public/amsfonts/cm/cmex10.pfb></usr/shar
e/texlive/texmf-dist/fonts/type1/public/amsfonts/cm/cmmi12.pfb></usr/share/texl
ive/texmf-dist/fonts/type1/public/amsfonts/cm/cmmi6.pfb></usr/share/texlive/tex
mf-dist/fonts/type1/public/amsfonts/cm/cmmi8.pfb></usr/share/texlive/texmf-dist
/fonts/type1/public/amsfonts/cm/cmr12.pfb></usr/share/texlive/texmf-dist/fonts/
type1/public/amsfonts/cm/cmr6.pfb></usr/share/texlive/texmf-dist/fonts/type1/pu
blic/amsfonts/cm/cmr8.pfb></usr/share/texlive/texmf-dist/fonts/type1/public/ams
fonts/cm/cmsy10.pfb></usr/share/texlive/texmf-dist/fonts/type1/public/amsfonts/
cm/cmsy6.pfb></usr/share/texlive/texmf-dist/fonts/type1/public/amsfonts/cm/cmsy
8.pfb></usr/share/texlive/texmf-dist/fonts/type1/public/amsfonts/cm/cmti12.pfb>
</usr/share/texlive/texmf-dist/fonts/type1/public/amsfonts/cm/cmti8.pfb>
Output written on mainthesisUVIC.pdf (83 pages, 4615393 bytes).
PDF statistics:
 367 PDF objects out of 1000 (max. 8388607)
 225 compressed objects within 3 object streams
 0 named destinations out of 1000 (max. 500000)
 196 words of extra memory for PDF output out of 10000 (max. 10000000)

