This is pdfTeX, Version 3.14159265-2.6-1.40.16 (TeX Live 2015/Debian) (preloaded format=pdflatex 2016.5.16)  26 DEC 2016 14:38
entering extended mode
 restricted \write18 enabled.
 %&-line parsing enabled.
**ded.tex
(./ded.tex
LaTeX2e <2016/02/01>
Babel <3.9q> and hyphenation patterns for 81 language(s) loaded.
! Undefined control sequence.
l.3 \TOCadd
           {DEDICATION}
The control sequence at the end of the top line
of your error message was never \def'ed. If you have
misspelled it (e.g., `\hobx'), type `I' and the correct
spelling (e.g., `I\hbox'). Otherwise just continue,
and I'll forget about whatever was undefined.


! LaTeX Error: Missing \begin{document}.

See the LaTeX manual or LaTeX Companion for explanation.
Type  H <return>  for immediate help.
 ...                                              
                                                  
l.3 \TOCadd{D
             EDICATION}
You're in trouble here.  Try typing  <return>  to proceed.
If that doesn't work, type  X <return>  to quit.

Missing character: There is no D in font nullfont!
Missing character: There is no E in font nullfont!
Missing character: There is no D in font nullfont!
Missing character: There is no I in font nullfont!
Missing character: There is no C in font nullfont!
Missing character: There is no A in font nullfont!
Missing character: There is no T in font nullfont!
Missing character: There is no I in font nullfont!
Missing character: There is no O in font nullfont!
Missing character: There is no N in font nullfont!

Overfull \hbox (20.0pt too wide) in paragraph at lines 3--4
[] 
 []


! LaTeX Error: Missing \begin{document}.

See the LaTeX manual or LaTeX Companion for explanation.
Type  H <return>  for immediate help.
 ...                                              
                                                  
l.5 \begin{center}
                  
You're in trouble here.  Try typing  <return>  to proceed.
If that doesn't work, type  X <return>  to quit.


Overfull \hbox (20.0pt too wide) in paragraph at lines 5--5
[] 
 []


Overfull \hbox (75.5968pt too wide) in paragraph at lines 6--7
 \OT1/cmr/bx/n/10 DEDICATION 
 []


Overfull \hbox (11.49992pt too wide) in paragraph at lines 10--11
 \OT1/cmr/m/it/10 To 
 []


Overfull \hbox (13.03325pt too wide) in paragraph at lines 10--11
 \OT1/cmr/m/it/10 my 
 []


Overfull \hbox (15.84433pt too wide) in paragraph at lines 10--11
 \OT1/cmr/m/it/10 lov- 
 []


Overfull \hbox (13.2888pt too wide) in paragraph at lines 10--11
 \OT1/cmr/m/it/10 ing 
 []


Overfull \hbox (19.93321pt too wide) in paragraph at lines 10--11
 \OT1/cmr/m/it/10 fam- 
 []


Overfull \hbox (14.1263pt too wide) in paragraph at lines 10--11
 \OT1/cmr/m/it/10 ily: 
 []


Overfull \hbox (34.39421pt too wide) in paragraph at lines 13--14
 \OT1/cmr/m/it/10 Mother: 
 []


Overfull \hbox (35.16089pt too wide) in paragraph at lines 13--14
 \OT1/cmr/m/it/10 Marzieh 
 []


Overfull \hbox (35.00761pt too wide) in paragraph at lines 13--14
 \OT1/cmr/m/it/10 Taghavi 
 []


Overfull \hbox (20.0pt too wide) in paragraph at lines 16--16
[] 
 []


Overfull \hbox (36.17195pt too wide) in paragraph at lines 17--18
 \OT1/cmr/m/it/10 Brother: 
 []


Overfull \hbox (35.27757pt too wide) in paragraph at lines 17--18
 \OT1/cmr/m/it/10 Brhnam 
 []


Overfull \hbox (14.82211pt too wide) in paragraph at lines 17--18
 \OT1/cmr/m/it/10 Za- 
 []


Overfull \hbox (12.90219pt too wide) in paragraph at lines 17--18
 \OT1/cmr/m/it/10 eri 
 []


Overfull \hbox (20.0pt too wide) in paragraph at lines 20--20
[] 
 []


Overfull \hbox (27.98314pt too wide) in paragraph at lines 21--22
 \OT1/cmr/m/it/10 Sister: 
 []


Overfull \hbox (28.62206pt too wide) in paragraph at lines 21--22
 \OT1/cmr/m/it/10 Sheida 
 []


Overfull \hbox (14.82211pt too wide) in paragraph at lines 21--22
 \OT1/cmr/m/it/10 Za- 
 []


Overfull \hbox (12.90219pt too wide) in paragraph at lines 21--22
 \OT1/cmr/m/it/10 eri 
 []


Overfull \hbox (20.0pt too wide) in paragraph at lines 24--24
[] 
 []


Overfull \hbox (27.98314pt too wide) in paragraph at lines 25--26
 \OT1/cmr/m/it/10 Sister: 
 []


Overfull \hbox (29.53867pt too wide) in paragraph at lines 25--26
 \OT1/cmr/m/it/10 Narges 
 []


Overfull \hbox (14.82211pt too wide) in paragraph at lines 25--26
 \OT1/cmr/m/it/10 Za- 
 []


Overfull \hbox (12.90219pt too wide) in paragraph at lines 25--26
 \OT1/cmr/m/it/10 eri 
 []

)
! Emergency stop.
<*> ded.tex
           
*** (job aborted, no legal \end found)

 
Here is how much of TeX's memory you used:
 10 strings out of 493029
 164 string characters out of 6136234
 54087 words of memory out of 5000000
 3644 multiletter control sequences out of 15000+600000
 4294 words of font info for 16 fonts, out of 8000000 for 9000
 1141 hyphenation exceptions out of 8191
 13i,1n,10p,59b,112s stack positions out of 5000i,500n,10000p,200000b,80000s
!  ==> Fatal error occurred, no output PDF file produced!
